<?xml version="1.0" encoding="UTF-8"?>
<testng-results skipped="0" failed="0" total="1" passed="1">
  <reporter-output>
  </reporter-output>
  <suite name="Default suite" duration-ms="4038" started-at="2016-07-27T19:48:11Z" finished-at="2016-07-27T19:48:15Z">
    <groups>
    </groups>
    <test name="Default test" duration-ms="4038" started-at="2016-07-27T19:48:11Z" finished-at="2016-07-27T19:48:15Z">
      <class name="ru.stqa.selenium.Addmovie">
        <test-method status="PASS" signature="initTestSuite()[pri:0, instance:ru.stqa.selenium.Addmovie@77caeb3e]" name="initTestSuite" is-config="true" duration-ms="47" started-at="2016-07-27T22:48:11Z" finished-at="2016-07-27T22:48:11Z">
          <reporter-output>
          </reporter-output>
        </test-method> <!-- initTestSuite -->
        <test-method status="PASS" signature="initWebDriver()[pri:0, instance:ru.stqa.selenium.Addmovie@77caeb3e]" name="initWebDriver" is-config="true" duration-ms="2178" started-at="2016-07-27T22:48:11Z" finished-at="2016-07-27T22:48:13Z">
          <reporter-output>
          </reporter-output>
        </test-method> <!-- initWebDriver -->
        <test-method status="PASS" signature="testAddmovie()[pri:0, instance:ru.stqa.selenium.Addmovie@77caeb3e]" name="testAddmovie" duration-ms="1854" started-at="2016-07-27T22:48:13Z" finished-at="2016-07-27T22:48:15Z">
          <reporter-output>
          </reporter-output>
        </test-method> <!-- testAddmovie -->
        <test-method status="PASS" signature="tearDown()[pri:0, instance:ru.stqa.selenium.Addmovie@77caeb3e]" name="tearDown" is-config="true" duration-ms="203" started-at="2016-07-27T22:48:15Z" finished-at="2016-07-27T22:48:15Z">
          <reporter-output>
          </reporter-output>
        </test-method> <!-- tearDown -->
      </class> <!-- ru.stqa.selenium.Addmovie -->
    </test> <!-- Default test -->
  </suite> <!-- Default suite -->
</testng-results>
