<?xml version="1.0" encoding="UTF-8"?>
<testng-results skipped="0" failed="0" total="1" passed="1">
  <reporter-output>
  </reporter-output>
  <suite name="Default suite" duration-ms="5155" started-at="2016-07-31T21:06:12Z" finished-at="2016-07-31T21:06:18Z">
    <groups>
    </groups>
    <test name="Default test" duration-ms="5155" started-at="2016-07-31T21:06:12Z" finished-at="2016-07-31T21:06:18Z">
      <class name="ru.stqa.selenium.SearchMovie">
        <test-method status="PASS" signature="initTestSuite()[pri:0, instance:ru.stqa.selenium.SearchMovie@91161c7]" name="initTestSuite" is-config="true" duration-ms="50" started-at="2016-08-01T00:06:12Z" finished-at="2016-08-01T00:06:12Z">
          <reporter-output>
          </reporter-output>
        </test-method> <!-- initTestSuite -->
        <test-method status="PASS" signature="initWebDriver()[pri:0, instance:ru.stqa.selenium.SearchMovie@91161c7]" name="initWebDriver" is-config="true" duration-ms="2219" started-at="2016-08-01T00:06:12Z" finished-at="2016-08-01T00:06:15Z">
          <reporter-output>
          </reporter-output>
        </test-method> <!-- initWebDriver -->
        <test-method status="PASS" signature="testSearchMovie()[pri:0, instance:ru.stqa.selenium.SearchMovie@91161c7]" name="testSearchMovie" duration-ms="2928" started-at="2016-08-01T00:06:15Z" finished-at="2016-08-01T00:06:18Z">
          <reporter-output>
          </reporter-output>
        </test-method> <!-- testSearchMovie -->
        <test-method status="PASS" signature="tearDown()[pri:0, instance:ru.stqa.selenium.SearchMovie@91161c7]" name="tearDown" is-config="true" duration-ms="193" started-at="2016-08-01T00:06:18Z" finished-at="2016-08-01T00:06:18Z">
          <reporter-output>
          </reporter-output>
        </test-method> <!-- tearDown -->
      </class> <!-- ru.stqa.selenium.SearchMovie -->
    </test> <!-- Default test -->
  </suite> <!-- Default suite -->
</testng-results>
